<?xml version="1.0" encoding="UTF-8"?>
<!-- Generated by org.testng.reporters.JUnitReportReporter -->
<testsuite skipped="0" hostname="Ankit-MacBook-Pro.local" name="com.birdeye.Suites.CampaignsTestCases2" tests="2" failures="0" timestamp="11 Oct 2018 11:33:30 GMT" time="788.719" errors="0">
  <testcase name="valid_Login" time="541.630" classname="com.birdeye.Suites.CampaignsTestCases2"/>
  <testcase name="reviewWebSiteValidation" time="247.089" classname="com.birdeye.Suites.CampaignsTestCases2"/>
</testsuite> <!-- com.birdeye.Suites.CampaignsTestCases2 -->
