<?xml version="1.0" encoding="UTF-8"?>
<!-- Generated by org.testng.reporters.JUnitReportReporter -->
<testsuite skipped="0" hostname="ip-192-168-168-53.us-west-1.compute.internal" name="com.birdeye.Suites.PageLoadTime" tests="3" failures="0" timestamp="10 Dec 2018 10:04:31 GMT" time="64.405" errors="0">
  <testcase name="pageSpeedScore_ReviewP" time="20.613" classname="com.birdeye.Suites.PageLoadTime"/>
  <testcase name="pageSpeedScore_Prod" time="25.870" classname="com.birdeye.Suites.PageLoadTime"/>
  <testcase name="pageSpeedScore_SignInP" time="17.922" classname="com.birdeye.Suites.PageLoadTime"/>
</testsuite> <!-- com.birdeye.Suites.PageLoadTime -->
