<?xml version="1.0" encoding="UTF-8"?>
<!-- Generated by org.testng.reporters.JUnitReportReporter -->
<testsuite skipped="0" hostname="ip-192-168-168-77.us-west-1.compute.internal" name="com.birdeye.Suites.BirdEyeBlogsLinks" tests="1" failures="0" timestamp="31 Dec 2018 10:49:25 GMT" time="1744.969" errors="0">
  <testcase name="birdEyeBlogsChilds_Links1" time="1744.969" classname="com.birdeye.Suites.BirdEyeBlogsLinks"/>
</testsuite> <!-- com.birdeye.Suites.BirdEyeBlogsLinks -->
