<?xml version="1.0" encoding="UTF-8"?>
<!-- Generated by org.testng.reporters.JUnitReportReporter -->
<testsuite skipped="0" hostname="Ankit-MacBook-Pro.local" name="com.birdeye.Suites.DashBoardUsrIconTCs" tests="6" failures="0" timestamp="11 Oct 2018 07:27:35 GMT" time="185.532" errors="0">
  <testcase name="validate_UserProfileEmailAlert" time="80.308" classname="com.birdeye.Suites.DashBoardUsrIconTCs"/>
  <testcase name="validate_Alert" time="18.961" classname="com.birdeye.Suites.DashBoardUsrIconTCs"/>
  <testcase name="validate_ChangePassword" time="35.178" classname="com.birdeye.Suites.DashBoardUsrIconTCs"/>
  <testcase name="validate_UserIcon" time="12.774" classname="com.birdeye.Suites.DashBoardUsrIconTCs"/>
  <testcase name="valid_Login" time="23.263" classname="com.birdeye.Suites.DashBoardUsrIconTCs"/>
  <testcase name="validate_UserProfile" time="15.048" classname="com.birdeye.Suites.DashBoardUsrIconTCs"/>
</testsuite> <!-- com.birdeye.Suites.DashBoardUsrIconTCs -->
