<?xml version="1.0" encoding="UTF-8"?>
<!-- Generated by org.testng.reporters.JUnitReportReporter -->
<testsuite skipped="0" hostname="ip-192-168-0-11.us-west-1.compute.internal" name="com.birdeye.LinkCheckSuites.BirdEyeLinks" tests="1" failures="0" timestamp="19 Feb 2019 15:40:03 GMT" time="1925.309" errors="0">
  <testcase name="birdEyeSiteMap_LinksNew" time="1925.309" classname="com.birdeye.LinkCheckSuites.BirdEyeLinks"/>
</testsuite> <!-- com.birdeye.LinkCheckSuites.BirdEyeLinks -->
