<?xml version="1.0" encoding="UTF-8"?>
<!-- Generated by org.testng.reporters.JUnitReportReporter -->
<testsuite skipped="0" hostname="ip-192-168-168-105.us-west-1.compute.internal" name="com.birdeye.NexusSMS.NexusSMSTestSuite" tests="3" failures="0" timestamp="04 Feb 2019 12:25:00 GMT" time="193.327" errors="0">
  <testcase name="errorDistribution" time="5.087" classname="com.birdeye.NexusSMS.NexusSMSTestSuite"/>
  <testcase name="smsDistribution" time="179.966" classname="com.birdeye.NexusSMS.NexusSMSTestSuite"/>
  <testcase name="rateDistribution" time="8.274" classname="com.birdeye.NexusSMS.NexusSMSTestSuite"/>
</testsuite> <!-- com.birdeye.NexusSMS.NexusSMSTestSuite -->
