<?xml version="1.0" encoding="UTF-8"?>
<!-- Generated by org.testng.reporters.JUnitReportReporter -->
<testsuite skipped="0" hostname="ip-192-168-168-63.us-west-1.compute.internal" name="com.birdeye.Suites.SetupTestCases_Entp3" tests="5" failures="0" timestamp="12 Oct 2018 11:19:44 GMT" time="806.644" errors="0">
  <testcase name="addAggregationURLForCompetitors" time="244.486" classname="com.birdeye.Suites.SetupTestCases_Entp3"/>
  <testcase name="addLocationForCompetitors" time="145.882" classname="com.birdeye.Suites.SetupTestCases_Entp3"/>
  <testcase name="valid_Login" time="48.729" classname="com.birdeye.Suites.SetupTestCases_Entp3"/>
  <testcase name="deleteAddedCompetitor" time="241.879" classname="com.birdeye.Suites.SetupTestCases_Entp3"/>
  <testcase name="addCompetitor" time="125.668" classname="com.birdeye.Suites.SetupTestCases_Entp3"/>
</testsuite> <!-- com.birdeye.Suites.SetupTestCases_Entp3 -->
